0 info it worked if it ends with ok
1 verbose cli [ 'C:\\Program Files\\nodejs\\node.exe',
1 verbose cli   'C:\\Program Files\\nodejs\\node_modules\\npm\\bin\\npm-cli.js',
1 verbose cli   '-g',
1 verbose cli   'install',
1 verbose cli   'ios-sim',
1 verbose cli   'ios-deploy' ]
2 info using npm@3.8.9
3 info using node@v6.2.0
4 silly loadCurrentTree Starting
5 silly install loadCurrentTree
6 silly install readGlobalPackageData
7 silly fetchPackageMetaData ios-sim
8 silly fetchPackageMetaData ios-deploy
9 silly fetchNamedPackageData ios-sim
10 silly mapToRegistry name ios-sim
11 silly mapToRegistry using default registry
12 silly mapToRegistry registry https://registry.npm.taobao.org/
13 silly mapToRegistry data Result {
13 silly mapToRegistry   raw: 'ios-sim',
13 silly mapToRegistry   scope: null,
13 silly mapToRegistry   name: 'ios-sim',
13 silly mapToRegistry   rawSpec: '',
13 silly mapToRegistry   spec: 'latest',
13 silly mapToRegistry   type: 'tag' }
14 silly mapToRegistry uri https://registry.npm.taobao.org/ios-sim
15 silly fetchNamedPackageData ios-deploy
16 silly mapToRegistry name ios-deploy
17 silly mapToRegistry using default registry
18 silly mapToRegistry registry https://registry.npm.taobao.org/
19 silly mapToRegistry data Result {
19 silly mapToRegistry   raw: 'ios-deploy',
19 silly mapToRegistry   scope: null,
19 silly mapToRegistry   name: 'ios-deploy',
19 silly mapToRegistry   rawSpec: '',
19 silly mapToRegistry   spec: 'latest',
19 silly mapToRegistry   type: 'tag' }
20 silly mapToRegistry uri https://registry.npm.taobao.org/ios-deploy
21 verbose request uri https://registry.npm.taobao.org/ios-sim
22 verbose request no auth needed
23 info attempt registry request try #1 at 21:59:29
24 verbose request id c81390093bfef758
25 http request GET https://registry.npm.taobao.org/ios-sim
26 verbose request uri https://registry.npm.taobao.org/ios-deploy
27 verbose request no auth needed
28 info attempt registry request try #1 at 21:59:29
29 http request GET https://registry.npm.taobao.org/ios-deploy
30 http 200 https://registry.npm.taobao.org/ios-sim
31 verbose headers { date: 'Wed, 08 Jun 2016 13:59:30 GMT',
31 verbose headers   'content-type': 'application/json; charset=utf-8',
31 verbose headers   'content-length': '33428',
31 verbose headers   connection: 'keep-alive',
31 verbose headers   etag: '"8294-9WuUjmKmOht7DmwRXy++Ww"',
31 verbose headers   'x-readtime': '37' }
32 silly get cb [ 200,
32 silly get   { date: 'Wed, 08 Jun 2016 13:59:30 GMT',
32 silly get     'content-type': 'application/json; charset=utf-8',
32 silly get     'content-length': '33428',
32 silly get     connection: 'keep-alive',
32 silly get     etag: '"8294-9WuUjmKmOht7DmwRXy++Ww"',
32 silly get     'x-readtime': '37' } ]
33 verbose get saving ios-sim to C:\Users\zhuiz\AppData\Roaming\npm-cache\registry.npm.taobao.org\ios-sim\.cache.json
34 verbose correctMkdir C:\Users\zhuiz\AppData\Roaming\npm-cache correctMkdir not in flight; initializing
35 http 200 https://registry.npm.taobao.org/ios-deploy
36 verbose headers { date: 'Wed, 08 Jun 2016 13:59:30 GMT',
36 verbose headers   'content-type': 'application/json; charset=utf-8',
36 verbose headers   'content-length': '40764',
36 verbose headers   connection: 'keep-alive',
36 verbose headers   etag: '"9f3c-CGVEHtQmgZOqb1QAdSC+6w"',
36 verbose headers   'x-readtime': '50' }
37 silly get cb [ 200,
37 silly get   { date: 'Wed, 08 Jun 2016 13:59:30 GMT',
37 silly get     'content-type': 'application/json; charset=utf-8',
37 silly get     'content-length': '40764',
37 silly get     connection: 'keep-alive',
37 silly get     etag: '"9f3c-CGVEHtQmgZOqb1QAdSC+6w"',
37 silly get     'x-readtime': '50' } ]
38 verbose get saving ios-deploy to C:\Users\zhuiz\AppData\Roaming\npm-cache\registry.npm.taobao.org\ios-deploy\.cache.json
39 verbose correctMkdir C:\Users\zhuiz\AppData\Roaming\npm-cache correctMkdir not in flight; initializing
40 silly install normalizeTree
41 silly loadCurrentTree Finishing
42 silly loadIdealTree Starting
43 silly install loadIdealTree
44 silly cloneCurrentTree Starting
45 silly install cloneCurrentTreeToIdealTree
46 silly cloneCurrentTree Finishing
47 silly loadShrinkwrap Starting
48 silly install loadShrinkwrap
49 silly loadShrinkwrap Finishing
50 silly loadAllDepsIntoIdealTree Starting
51 silly install loadAllDepsIntoIdealTree
52 silly rollbackFailedOptional Starting
53 silly rollbackFailedOptional Finishing
54 silly runTopLevelLifecycles Starting
55 silly runTopLevelLifecycles Finishing
56 silly install printInstalled
57 verbose stack Error: Unsupported platform for ios-deploy@1.8.6: wanted {"name":"ios-deploy","version":"1.8.6","os":["darwin"],"description":"launch iOS apps iOS devices from the command line (Xcode 7)","main":"ios-deploy","scripts":{"preinstall":"./src/scripts/check_reqs.js && xcodebuild","test":"npm run pycompile && npm run jshint && xcodebuild -target ios-deploy-lib && xcodebuild test -scheme ios-deploy-tests","jshint":"node node_modules/jshint/bin/jshint src/scripts/*.js","pycompile":"python -m py_compile src/scripts/*.py"},"bin":{"ios-deploy":"./build/Release/ios-deploy"},"repository":{"type":"git","url":"git+https://github.com/phonegap/ios-deploy.git"},"devDependencies":{"jshint":"2.5.8"},"keywords":["ios-deploy","deploy to iOS device"],"bugs":{"url":"https://github.com/phonegap/ios-deploy/issues"},"author":{"name":"Greg Hughes"},"license":"GPLv3","gitHead":"d7cccae1ade60378ce1134f496b68eeac53eb860","homepage":"https://github.com/phonegap/ios-deploy#readme","_id":"ios-deploy@1.8.6","_shasum":"abb0b5132e7e6c89d1f521ba7c81c44eec54d4f5","_from":"ios-deploy","_npmVersion":"2.14.7","_nodeVersion":"4.2.2","_npmUser":{"name":"shazron","email":"shazron@gmail.com"},"maintainers":[{"name":"purplecabbage","email":"purplecabbage@gmail.com"},{"name":"shazron","email":"shazron@gmail.com"},{"name":"stevegill","email":"stevengill97@gmail.com"}],"dist":{"shasum":"abb0b5132e7e6c89d1f521ba7c81c44eec54d4f5","size":44517,"noattachment":false,"tarball":"http://registry.npm.taobao.org/ios-deploy/download/ios-deploy-1.8.6.tgz"},"_npmOperationalInternal":{"host":"packages-16-east.internal.npmjs.com","tmp":"tmp/ios-deploy-1.8.6.tgz_1460409336359_0.34613347332924604"},"directories":{},"publish_time":1460409339491,"_cnpm_publish_time":1460409339491,"_resolved":"http://registry.npm.taobao.org/ios-deploy/download/ios-deploy-1.8.6.tgz","_requested":{"raw":"ios-deploy","scope":null,"name":"ios-deploy","rawSpec":"","spec":"latest","type":"tag"},"_spec":"ios-deploy","_where":"","_args":[["ios-deploy",""]],"readme":"ERROR: No README data found!"} (current: {"os":"win32","cpu":"x64"})
57 verbose stack     at checkPlatform (C:\Program Files\nodejs\node_modules\npm\node_modules\npm-install-checks\index.js:45:14)
57 verbose stack     at thenWarnEngineIssues (C:\Program Files\nodejs\node_modules\npm\lib\install\validate-args.js:41:5)
57 verbose stack     at C:\Program Files\nodejs\node_modules\npm\node_modules\iferr\index.js:13:50
57 verbose stack     at checkEngine (C:\Program Files\nodejs\node_modules\npm\node_modules\npm-install-checks\index.js:10:20)
57 verbose stack     at module.exports.isInstallable (C:\Program Files\nodejs\node_modules\npm\lib\install\validate-args.js:38:3)
57 verbose stack     at Array.<anonymous> (C:\Program Files\nodejs\node_modules\npm\node_modules\slide\lib\bind-actor.js:15:8)
57 verbose stack     at LOOP (C:\Program Files\nodejs\node_modules\npm\node_modules\slide\lib\chain.js:15:14)
57 verbose stack     at C:\Program Files\nodejs\node_modules\npm\node_modules\slide\lib\chain.js:18:7
57 verbose stack     at checkSelf (C:\Program Files\nodejs\node_modules\npm\lib\install\validate-args.js:46:72)
57 verbose stack     at Array.<anonymous> (C:\Program Files\nodejs\node_modules\npm\node_modules\slide\lib\bind-actor.js:15:8)
58 verbose pkgid ios-deploy@1.8.6
59 verbose cwd C:\Users\zhuiz\Documents\ionic_project\BarcodeProject
60 error Windows_NT 10.0.10586
61 error argv "C:\\Program Files\\nodejs\\node.exe" "C:\\Program Files\\nodejs\\node_modules\\npm\\bin\\npm-cli.js" "-g" "install" "ios-sim" "ios-deploy"
62 error node v6.2.0
63 error npm  v3.8.9
64 error code EBADPLATFORM
65 error notsup Not compatible with your operating system or architecture: ios-deploy@1.8.6
66 error notsup Valid OS:    darwin
66 error notsup Valid Arch:  any
66 error notsup Actual OS:   win32
66 error notsup Actual Arch: x64
67 verbose exit [ 1, true ]
